/home/odc/kouno/iugonet_git/WorkDir/Metadata_Draft/KyotoU_RISH/Instrument/EAR.xml : add,delete
/home/odc/kouno/iugonet_git/WorkDir/Metadata_Draft/KyotoU_RISH/Observatory/EAO.xml : add,delete
/home/odc/kouno/iugonet_git/WorkDir/Metadata_Draft/KyotoU_RISH/Granule/RISH/EAR/EAO/EAR/trop_std_netcdf/20010621_nc.xml : add,delete
/home/odc/kouno/iugonet_git/WorkDir/Metadata_Draft/KyotoU_RISH/Instrument/RISH/EAR/EAO/EAR.xml : add
/home/odc/kouno/iugonet_git/WorkDir/Metadata_Draft/KyotoU_RISH/NumericalData/RISH/EAR/EAO/EAR/trop_std_netcdf.xml : add,replace
/home/odc/kouno/iugonet_git/WorkDir/Metadata_Draft/KyotoU_RISH/Observatory/RISH/EAO.xml : add
/home/odc/kouno/iugonet_git/WorkDir/Metadata_Draft/KyotoU_RISH/Person/EAR_Management_Group.xml : add
/home/odc/kouno/iugonet_git/WorkDir/Metadata_Draft/KyotoU_RISH/Person/Hiroo_Hayashi.xml : add
/home/odc/kouno/iugonet_git/WorkDir/Metadata_Draft/KyotoU_RISH/Repository/RISH/RISHDB.xml : add
/home/odc/kouno/iugonet_git/WorkDir/Metadata_Draft_KyotoU_RISH/Granule/Granule/RISH/EAR/EAO/EAR/trop_std_netcdf/20010621_nc.xml : add
/home/odc/kouno/iugonet_git/WorkDir/Metadata_Draft/KyotoU_WDC/Person/ToshihikoIyemori.xml : add
/home/odc/kouno/iugonet_git/WorkDir/Metadata_Draft/KyotoU_WDC/Person/MasahitoNose.xml : add
/home/odc/kouno/iugonet_git/WorkDir/Metadata_Draft/KyotoU_WDC/Repository/WDCGeomagKyoto.xml : add,delete
/home/odc/kouno/iugonet_git/WorkDir/Metadata_Draft/KyotoU_WDC/Repository/WDC.xml : add,replace,replace,delete
/home/odc/kouno/iugonet_git/WorkDir/Metadata_Draft/KyotoU_WDC/NumericalData/Dst.xml : add,replace,replace,delete
/home/odc/kouno/iugonet_git/WorkDir/Metadata_Draft/KyotoU_WDC/Person/MasahikoTakeda.xml : add
/home/odc/kouno/iugonet_git/WorkDir/Metadata_Draft/KyotoU_WDC/Service/WDC_Kyoto/IonosphericCond/HeightIntegrated.xml : add
/home/odc/kouno/iugonet_git/WorkDir/Metadata_Draft/KyotoU_WDC/Service/WDC_Kyoto/IonosphericCond/HeightProfile.xml : add
/home/odc/kouno/iugonet_git/WorkDir/Metadata_Draft/KyotoU_WDC/NumericalData/WDC_Kyoto/Dst.xml : add,replace,replace,replace
/home/odc/kouno/iugonet_git/WorkDir/Metadata_Draft/KyotoU_WDC/Repository/WDC_Kyoto/WDC.xml : add,replace
/home/odc/kouno/iugonet_git/WorkDir/Metadata_Draft/KyushuU/FM-CW/space_Numerical_SAS_FMCW.xml : add,replace,replace
/home/odc/kouno/iugonet_git/WorkDir/Metadata_Draft/KyushuU/FM-CW/space_Observatory_SAS_FMCW.xml : add,replace,replace
/home/odc/kouno/iugonet_git/WorkDir/Metadata_Draft/KyushuU/FM-CW/space_Person_Yumoto.xml : add,replace
/home/odc/kouno/iugonet_git/WorkDir/Metadata_Draft/KyushuU/FM-CW/spase_Granule_SAS_FMCW.xml : add,replace,replace,replace,delete
/home/odc/kouno/iugonet_git/WorkDir/Metadata_Draft/KyushuU/FM-CW/spase_Instrument_SAS_FMCW.xml : add,replace,replace
/home/odc/kouno/iugonet_git/WorkDir/Metadata_Draft/KyushuU/FM-CW/spase_Repository_SAS_FMCW.xml : add,replace,replace,replace
/home/odc/kouno/iugonet_git/WorkDir/Metadata_Draft_KyushuU/Granule/FM-CW/spase_Granule_SAS_FMCW.xml : add,delete
/home/odc/kouno/iugonet_git/WorkDir/Metadata_Draft_KyushuU/Granule/FM-CW/spase_Granule_SAS_FMCW_100311.xml : add
/home/odc/kouno/iugonet_git/WorkDir/Metadata_Draft_NIPR/Granule/Granule/NIPR/Syowa/IRIO30MHz/cna20060101_syo_bin.xml : add
/home/odc/kouno/iugonet_git/WorkDir/Metadata_Draft/STEL/NumericalData/sd_hok_fitacf_l2.xml : add,delete
/home/odc/kouno/iugonet_git/WorkDir/Metadata_Draft/STEL/Instrument/sd_hok.xml : add,delete
/home/odc/kouno/iugonet_git/WorkDir/Metadata_Draft/STEL/Instrument/STEL/SuperDARN/HOK/HFradar/sd_hok_HFradar.xml : add,replace
/home/odc/kouno/iugonet_git/WorkDir/Metadata_Draft/STEL/NumericalData/STEL/SuperDARN/HOK/HFradar/sd_hok_common_ergsccdf.xml : add,replace
/home/odc/kouno/iugonet_git/WorkDir/Metadata_Draft/STEL/Observatory/STEL/SuperDARN/HOK/sd_hok.xml : add
/home/odc/kouno/iugonet_git/WorkDir/Metadata_Draft/STEL/Person/Nozomu_Nishitani.xml : add
/home/odc/kouno/iugonet_git/WorkDir/Metadata_Draft/STEL/Repository/STEL/stel_erg-sc.xml : add
/home/odc/kouno/iugonet_git/WorkDir/Metadata_Draft_STEL/Granule/Granule/STEL/SuperDARN/HOK/HFradar/sd_l2_fitacf_hok_20091201_cdf.xml : add,replace,replace,replace
/home/odc/kouno/iugonet_git/WorkDir/Metadata_Draft/TohokuU/Instrument/iprt.xml : add,delete,replace
/home/odc/kouno/iugonet_git/WorkDir/Metadata_Draft/TohokuU/NumerialData/tu_solar_radio.xml : add,delete
/home/odc/kouno/iugonet_git/WorkDir/Metadata_Draft/TohokuU/Observatory/iitate.xml : add,delete,replace
/home/odc/kouno/iugonet_git/WorkDir/Metadata_Draft/TohokuU/Person/HiroakiMisawa.xml : add,replace
/home/odc/kouno/iugonet_git/WorkDir/Metadata_Draft/TohokuU/Instrument/ongFM.xml : add
/home/odc/kouno/iugonet_git/WorkDir/Metadata_Draft/TohokuU/Instrument/ongSM.xml : add
/home/odc/kouno/iugonet_git/WorkDir/Metadata_Draft/TohokuU/NumerialData/tu_solar_radio_numeric.xml : add,replace
/home/odc/kouno/iugonet_git/WorkDir/Metadata_Draft/TohokuU/Observatory/haleakala.xml : add
/home/odc/kouno/iugonet_git/WorkDir/Metadata_Draft/TohokuU/Observatory/onagawa.xml : add
/home/odc/kouno/iugonet_git/WorkDir/Metadata_Draft/TohokuU/Observatory/zao.xml : add
/home/odc/kouno/iugonet_git/WorkDir/Metadata_Draft/TohokuU/Person/Atsuchi.Kumamoto.xml : add
/home/odc/kouno/iugonet_git/WorkDir/Metadata_Draft/TohokuU/Person/Fuminori.Tsuchiya.xml : add,replace
/home/odc/kouno/iugonet_git/WorkDir/Metadata_Draft/TohokuU/Person/Shoichi.Okano.xml : add,replace
/home/odc/kouno/iugonet_git/WorkDir/Metadata_Draft/TohokuU/Person/Takeshi.Sakanoi.xml : add,replace
/home/odc/kouno/iugonet_git/WorkDir/Metadata_Draft/TohokuU/Granule/tu_solar_radio_granule.xml : add,delete
/home/odc/kouno/iugonet_git/WorkDir/Metadata_Draft/TohokuU/Granule/tu_iprt_solar_20100401.xml : add
/home/odc/kouno/iugonet_git/WorkDir/Metadata_Draft/TohokuU/Repository/tu_iprt_repository.xml : add
